#
# A fatal error has been detected by the Java Runtime Environment:
#
#  EXCEPTION_ACCESS_VIOLATION (0xc0000005) at pc=0x00007fff239db8e0, pid=1872, tid=0x0000000000001728
#
# JRE version: Java(TM) SE Runtime Environment (8.0_181-b13) (build 1.8.0_181-b13)
# Java VM: Java HotSpot(TM) 64-Bit Server VM (25.181-b13 mixed mode windows-amd64 compressed oops)
# Problematic frame:
# C  [SHELL32.dll+0xab8e0]
#
# Failed to write core dump. Minidumps are not enabled by default on client versions of Windows
#
# If you would like to submit a bug report, please visit:
#   http://bugreport.java.com/bugreport/crash.jsp
# The crash happened outside the Java Virtual Machine in native code.
# See problematic frame for where to report the bug.
#

---------------  T H R E A D  ---------------

Current thread (0x000000001db87000):  JavaThread "JavaFX Application Thread" [_thread_in_native, id=5928, stack(0x000000001e320000,0x000000001e420000)]

siginfo: ExceptionCode=0xc0000005, reading address 0x0000000000000000

Registers:
RAX=0x00007fff239db8e0, RBX=0x00000000267a59d0, RCX=0x00000000267a59d0, RDX=0x00007fff23e14050
RSP=0x000000001e419ef8, RBP=0x00000000267a59c0, RSI=0x000000001e41a010, RDI=0x000000001e41a010
R8 =0x00000000cb728b20, R9 =0x00000000267a5990, R10=0x00007fff256e1f18, R11=0x00007fff23e13fd0
R12=0x0000000000000001, R13=0x0000000000000000, R14=0x00007fff256e1f18, R15=0x00000000267ce060
RIP=0x00007fff239db8e0, EFLAGS=0x0000000000010202

Top of Stack: (sp=0x000000001e419ef8)
0x000000001e419ef8:   00007fff22936222 00000000267a5990
0x000000001e419f08:   00007fff239e7520 0000000000000000
0x000000001e419f18:   00007fff239afea0 00007fff256e1f18
0x000000001e419f28:   00007fff239e836a 00007fff256e3930
0x000000001e419f38:   0000e8360f9571c7 0000000000000000
0x000000001e419f48:   00007fff239e72d3 0000000000000000
0x000000001e419f58:   0000000000000000 000000002db687b8
0x000000001e419f68:   0000e8360f9571e7 0000000000000001
0x000000001e419f78:   00007fff256e1f18 00007fff256e3930
0x000000001e419f88:   00007fff23e81640 000000001e41a010
0x000000001e419f98:   00007fff2568f7bb 000000001e41a010
0x000000001e419fa8:   0000e83600000001 0000000000000000
0x000000001e419fb8:   0000000000000000 0000002300000000
0x000000001e419fc8:   000001a60000027f 000000001e41a064
0x000000001e419fd8:   00007fff2568f6f4 00000000267a59c0
0x000000001e419fe8:   0000000026709420 0000000000000000 

Instructions: (pc=0x00007fff239db8e0)
0x00007fff239db8c0:   b8 80 17 04 80 c3 cc cc cc cc cc cc cc cc cc cc
0x00007fff239db8d0:   8b 41 10 2b 42 10 c3 cc cc cc cc cc cc cc cc cc
0x00007fff239db8e0:   8b 04 25 00 00 00 00 c3 cc cc cc cc cc cc cc cc
0x00007fff239db8f0:   f0 ff 41 28 c7 41 0c 01 00 00 00 33 c0 c3 cc cc 


Register to memory mapping:

RAX=0x00007fff239db8e0 is an unknown value
RBX=0x00000000267a59d0 is an unknown value
RCX=0x00000000267a59d0 is an unknown value
RDX=0x00007fff23e14050 is an unknown value
RSP=0x000000001e419ef8 is pointing into the stack for thread: 0x000000001db87000
RBP=0x00000000267a59c0 is an unknown value
RSI=0x000000001e41a010 is pointing into the stack for thread: 0x000000001db87000
RDI=0x000000001e41a010 is pointing into the stack for thread: 0x000000001db87000
R8 =0x00000000cb728b20 is an unknown value
R9 =0x00000000267a5990 is an unknown value
R10=0x00007fff256e1f18 is an unknown value
R11=0x00007fff23e13fd0 is an unknown value
R12=0x0000000000000001 is an unknown value
R13=0x0000000000000000 is an unknown value
R14=0x00007fff256e1f18 is an unknown value
R15=0x00000000267ce060 is an unknown value


Stack: [0x000000001e320000,0x000000001e420000],  sp=0x000000001e419ef8,  free space=999k
Native frames: (J=compiled Java code, j=interpreted, Vv=VM code, C=native code)
C  [SHELL32.dll+0xab8e0]

Java frames: (J=compiled Java code, j=interpreted, Vv=VM code)
j  sun.awt.windows.WPrinterJob._startDoc(Ljava/lang/String;Ljava/lang/String;)Z+0
j  sun.awt.windows.WPrinterJob.startDoc()V+9
j  sun.print.RasterPrinterJob.print(Ljavax/print/attribute/PrintRequestAttributeSet;)V+330
j  sun.print.RasterPrinterJob.print()V+5
j  com.conciencia.controllers.CreadorOrdenController.printOrder()V+31
j  com.conciencia.controllers.CreadorOrdenController.saveOrder(Ljavafx/event/ActionEvent;)V+63
v  ~StubRoutines::call_stub
J 2061  sun.reflect.NativeMethodAccessorImpl.invoke0(Ljava/lang/reflect/Method;Ljava/lang/Object;[Ljava/lang/Object;)Ljava/lang/Object; (0 bytes) @ 0x0000000002e3463f [0x0000000002e345c0+0x7f]
J 2060 C1 sun.reflect.NativeMethodAccessorImpl.invoke(Ljava/lang/Object;[Ljava/lang/Object;)Ljava/lang/Object; (104 bytes) @ 0x0000000002e387bc [0x0000000002e375c0+0x11fc]
J 2034 C1 sun.reflect.DelegatingMethodAccessorImpl.invoke(Ljava/lang/Object;[Ljava/lang/Object;)Ljava/lang/Object; (10 bytes) @ 0x0000000002e1f48c [0x0000000002e1f380+0x10c]
J 1265 C1 java.lang.reflect.Method.invoke(Ljava/lang/Object;[Ljava/lang/Object;)Ljava/lang/Object; (62 bytes) @ 0x0000000002c7a134 [0x0000000002c79d40+0x3f4]
J 3397 C1 sun.reflect.GeneratedMethodAccessor1.invoke(Ljava/lang/Object;[Ljava/lang/Object;)Ljava/lang/Object; (65 bytes) @ 0x000000000325c684 [0x000000000325c2c0+0x3c4]
J 2034 C1 sun.reflect.DelegatingMethodAccessorImpl.invoke(Ljava/lang/Object;[Ljava/lang/Object;)Ljava/lang/Object; (10 bytes) @ 0x0000000002e1f48c [0x0000000002e1f380+0x10c]
J 1265 C1 java.lang.reflect.Method.invoke(Ljava/lang/Object;[Ljava/lang/Object;)Ljava/lang/Object; (62 bytes) @ 0x0000000002c7a134 [0x0000000002c79d40+0x3f4]
J 2090 C1 sun.reflect.misc.MethodUtil.invoke(Ljava/lang/reflect/Method;Ljava/lang/Object;[Ljava/lang/Object;)Ljava/lang/Object; (111 bytes) @ 0x0000000002e4784c [0x0000000002e47380+0x4cc]
j  javafx.fxml.FXMLLoader$MethodHandler.invoke([Ljava/lang/Object;)V+19
j  javafx.fxml.FXMLLoader$ControllerMethodEventHandler.handle(Ljavafx/event/Event;)V+12
j  com.sun.javafx.event.CompositeEventHandler.dispatchBubblingEvent(Ljavafx/event/Event;)V+51
J 1862 C1 com.sun.javafx.event.EventHandlerManager.dispatchBubblingEvent(Ljavafx/event/EventType;Ljavafx/event/Event;)Ljavafx/event/Event; (34 bytes) @ 0x0000000002dadd5c [0x0000000002dad7c0+0x59c]
j  com.sun.javafx.event.EventHandlerManager.dispatchBubblingEvent(Ljavafx/event/Event;)Ljavafx/event/Event;+8
J 3869 C2 com.sun.javafx.event.BasicEventDispatcher.dispatchEvent(Ljavafx/event/Event;Ljavafx/event/EventDispatchChain;)Ljavafx/event/Event; (44 bytes) @ 0x0000000003406300 [0x0000000003406180+0x180]
J 3869 C2 com.sun.javafx.event.BasicEventDispatcher.dispatchEvent(Ljavafx/event/Event;Ljavafx/event/EventDispatchChain;)Ljavafx/event/Event; (44 bytes) @ 0x000000000340626c [0x0000000003406180+0xec]
J 3869 C2 com.sun.javafx.event.BasicEventDispatcher.dispatchEvent(Ljavafx/event/Event;Ljavafx/event/EventDispatchChain;)Ljavafx/event/Event; (44 bytes) @ 0x000000000340626c [0x0000000003406180+0xec]
J 3788 C2 com.sun.javafx.event.EventDispatchChainImpl.dispatchEvent(Ljavafx/event/Event;)Ljavafx/event/Event; (101 bytes) @ 0x00000000033947d4 [0x0000000003394720+0xb4]
J 3180 C1 com.sun.javafx.event.EventUtil.fireEvent(Ljavafx/event/EventTarget;Ljavafx/event/Event;)Ljavafx/event/Event; (81 bytes) @ 0x000000000319f804 [0x000000000319ec40+0xbc4]
J 2572 C1 javafx.event.Event.fireEvent(Ljavafx/event/EventTarget;Ljavafx/event/Event;)V (35 bytes) @ 0x0000000002fcf1ec [0x0000000002fcf120+0xcc]
j  javafx.scene.Node.fireEvent(Ljavafx/event/Event;)V+86
j  javafx.scene.control.Button.fire()V+15
j  com.sun.javafx.scene.control.behavior.ButtonBehavior.mouseReleased(Ljavafx/scene/input/MouseEvent;)V+23
J 3791 C1 com.sun.javafx.scene.control.skin.BehaviorSkinBase$1.handle(Ljavafx/scene/input/MouseEvent;)V (121 bytes) @ 0x000000000339b2c4 [0x000000000339aea0+0x424]
J 3790 C1 com.sun.javafx.scene.control.skin.BehaviorSkinBase$1.handle(Ljavafx/event/Event;)V (9 bytes) @ 0x000000000339be6c [0x000000000339bd00+0x16c]
J 3907 C2 com.sun.javafx.event.EventHandlerManager.dispatchBubblingEvent(Ljavafx/event/Event;)Ljavafx/event/Event; (23 bytes) @ 0x000000000343e58c [0x000000000343e200+0x38c]
J 3869 C2 com.sun.javafx.event.BasicEventDispatcher.dispatchEvent(Ljavafx/event/Event;Ljavafx/event/EventDispatchChain;)Ljavafx/event/Event; (44 bytes) @ 0x0000000003406300 [0x0000000003406180+0x180]
J 3869 C2 com.sun.javafx.event.BasicEventDispatcher.dispatchEvent(Ljavafx/event/Event;Ljavafx/event/EventDispatchChain;)Ljavafx/event/Event; (44 bytes) @ 0x000000000340626c [0x0000000003406180+0xec]
J 3869 C2 com.sun.javafx.event.BasicEventDispatcher.dispatchEvent(Ljavafx/event/Event;Ljavafx/event/EventDispatchChain;)Ljavafx/event/Event; (44 bytes) @ 0x000000000340626c [0x0000000003406180+0xec]
J 3788 C2 com.sun.javafx.event.EventDispatchChainImpl.dispatchEvent(Ljavafx/event/Event;)Ljavafx/event/Event; (101 bytes) @ 0x00000000033947d4 [0x0000000003394720+0xb4]
J 3180 C1 com.sun.javafx.event.EventUtil.fireEvent(Ljavafx/event/EventTarget;Ljavafx/event/Event;)Ljavafx/event/Event; (81 bytes) @ 0x000000000319f374 [0x000000000319ec40+0x734]
J 3322 C1 javafx.scene.Scene$MouseHandler.process(Ljavafx/scene/input/MouseEvent;Z)V (735 bytes) @ 0x000000000322cf5c [0x000000000322a420+0x2b3c]
J 3799 C1 javafx.scene.Scene$ScenePeerListener.mouseEvent(Ljavafx/event/EventType;DDDDLjavafx/scene/input/MouseButton;ZZZZZZZZZ)V (50 bytes) @ 0x00000000033a8b2c [0x00000000033a8860+0x2cc]
J 3795 C1 com.sun.javafx.tk.quantum.GlassViewEventHandler$MouseEventNotification.run()Ljava/lang/Void; (624 bytes) @ 0x000000000339dfa4 [0x000000000339cf00+0x10a4]
J 3794 C1 com.sun.javafx.tk.quantum.GlassViewEventHandler$MouseEventNotification.run()Ljava/lang/Object; (5 bytes) @ 0x000000000339a58c [0x000000000339a500+0x8c]
v  ~StubRoutines::call_stub
J 1906  java.security.AccessController.doPrivileged(Ljava/security/PrivilegedAction;Ljava/security/AccessControlContext;)Ljava/lang/Object; (0 bytes) @ 0x0000000002dc86e6 [0x0000000002dc8680+0x66]
J 3713 C1 com.sun.javafx.tk.quantum.GlassViewEventHandler$$Lambda$212.get()Ljava/lang/Object; (8 bytes) @ 0x0000000003364e8c [0x0000000003364ca0+0x1ec]
J 3187 C1 com.sun.javafx.tk.quantum.QuantumToolkit.runWithoutRenderLock(Ljava/util/function/Supplier;)Ljava/lang/Object; (49 bytes) @ 0x00000000031a6964 [0x00000000031a6420+0x544]
J 3710 C1 com.sun.javafx.tk.quantum.GlassViewEventHandler.handleMouseEvent(Lcom/sun/glass/ui/View;JIIIIIIIZZ)V (108 bytes) @ 0x00000000033623e4 [0x0000000003361fc0+0x424]
J 3437 C1 com.sun.glass.ui.View.notifyMouse(IIIIIIIZZ)V (221 bytes) @ 0x000000000327c554 [0x000000000327b460+0x10f4]
v  ~StubRoutines::call_stub
j  com.sun.glass.ui.win.WinApplication._runLoop(Ljava/lang/Runnable;)V+0
j  com.sun.glass.ui.win.WinApplication.lambda$null$147(ILjava/lang/Runnable;)V+8
j  com.sun.glass.ui.win.WinApplication$$Lambda$37.run()V+12
j  java.lang.Thread.run()V+11
v  ~StubRoutines::call_stub

---------------  P R O C E S S  ---------------

Java Threads: ( => current thread )
  0x00000000296b8800 JavaThread "Thread-9" daemon [_thread_in_native, id=2356, stack(0x000000002baf0000,0x000000002bbf0000)]
  0x00000000296b8000 JavaThread "AWT-Windows" daemon [_thread_in_native, id=5652, stack(0x000000002aef0000,0x000000002aff0000)]
  0x00000000296b0800 JavaThread "Java2D Disposer" daemon [_thread_blocked, id=11068, stack(0x000000002acf0000,0x000000002adf0000)]
  0x00000000296b2800 JavaThread "vert.x-eventloop-thread-6" [_thread_in_native, id=13408, stack(0x000000002abf0000,0x000000002acf0000)]
  0x0000000023315800 JavaThread "vert.x-eventloop-thread-5" [_thread_in_native, id=5368, stack(0x0000000028950000,0x0000000028a50000)]
  0x0000000023314800 JavaThread "vert.x-eventloop-thread-4" [_thread_in_native, id=10576, stack(0x0000000028650000,0x0000000028750000)]
  0x0000000023317800 JavaThread "vert.x-eventloop-thread-3" [_thread_in_native, id=6816, stack(0x0000000028550000,0x0000000028650000)]
  0x0000000023317000 JavaThread "Prism Font Disposer" daemon [_thread_blocked, id=10820, stack(0x0000000025d20000,0x0000000025e20000)]
  0x0000000022fac000 JavaThread "vert.x-worker-thread-0" [_thread_blocked, id=5580, stack(0x0000000024090000,0x0000000024190000)]
  0x00000000230c8800 JavaThread "vert.x-eventloop-thread-2" [_thread_in_native, id=6136, stack(0x0000000023f90000,0x0000000024090000)]
  0x00000000230c7800 JavaThread "vert.x-eventloop-thread-1" [_thread_in_native, id=12080, stack(0x0000000023d90000,0x0000000023e90000)]
  0x0000000023082000 JavaThread "vert.x-eventloop-thread-0" [_thread_in_native, id=6428, stack(0x0000000023c90000,0x0000000023d90000)]
  0x0000000022eed800 JavaThread "Thread-7" daemon [_thread_in_native, id=13924, stack(0x0000000023b90000,0x0000000023c90000)]
  0x0000000022e2b000 JavaThread "vertx-blocked-thread-checker" daemon [_thread_blocked, id=9416, stack(0x0000000023730000,0x0000000023830000)]
  0x000000001dba9800 JavaThread "Thread-3" daemon [_thread_in_native, id=2392, stack(0x0000000023530000,0x0000000023630000)]
  0x000000001dba8000 JavaThread "JavaFX-Launcher" [_thread_blocked, id=9272, stack(0x0000000023630000,0x0000000023730000)]
=>0x000000001db87000 JavaThread "JavaFX Application Thread" [_thread_in_native, id=5928, stack(0x000000001e320000,0x000000001e420000)]
  0x000000001db7f800 JavaThread "Thread-1" daemon [_thread_blocked, id=10396, stack(0x000000001e220000,0x000000001e320000)]
  0x000000001dba3800 JavaThread "QuantumRenderer-0" daemon [_thread_blocked, id=840, stack(0x000000001e010000,0x000000001e110000)]
  0x000000001d7e0800 JavaThread "Service Thread" daemon [_thread_blocked, id=8372, stack(0x000000001dbb0000,0x000000001dcb0000)]
  0x000000001be51000 JavaThread "C1 CompilerThread2" daemon [_thread_blocked, id=12320, stack(0x000000001d6b0000,0x000000001d7b0000)]
  0x000000001be49000 JavaThread "C2 CompilerThread1" daemon [_thread_blocked, id=4648, stack(0x000000001d5b0000,0x000000001d6b0000)]
  0x000000001be46000 JavaThread "C2 CompilerThread0" daemon [_thread_blocked, id=14108, stack(0x000000001d4b0000,0x000000001d5b0000)]
  0x000000001be44800 JavaThread "Attach Listener" daemon [_thread_blocked, id=14184, stack(0x000000001d3b0000,0x000000001d4b0000)]
  0x000000001be3f800 JavaThread "Signal Dispatcher" daemon [_thread_blocked, id=6652, stack(0x000000001d2b0000,0x000000001d3b0000)]
  0x00000000027dc800 JavaThread "Finalizer" daemon [_thread_blocked, id=9904, stack(0x000000001d0a0000,0x000000001d1a0000)]
  0x00000000027d3000 JavaThread "Reference Handler" daemon [_thread_blocked, id=9136, stack(0x000000001cfa0000,0x000000001d0a0000)]
  0x00000000026e3000 JavaThread "main" [_thread_blocked, id=13380, stack(0x0000000002580000,0x0000000002680000)]

Other Threads:
  0x000000001be07800 VMThread [stack: 0x000000001cea0000,0x000000001cfa0000] [id=3828]
  0x000000001d7fc000 WatcherThread [stack: 0x000000001dcb0000,0x000000001ddb0000] [id=2312]

VM state:not at safepoint (normal execution)

VM Mutex/Monitor currently owned by a thread: None

Heap:
 PSYoungGen      total 76288K, used 56356K [0x000000076b180000, 0x0000000770680000, 0x00000007c0000000)
  eden space 65536K, 85% used [0x000000076b180000,0x000000076e8890b0,0x000000076f180000)
  from space 10752K, 0% used [0x000000076f180000,0x000000076f180000,0x000000076fc00000)
  to   space 10752K, 0% used [0x000000076fc00000,0x000000076fc00000,0x0000000770680000)
 ParOldGen       total 127488K, used 10382K [0x00000006c1400000, 0x00000006c9080000, 0x000000076b180000)
  object space 127488K, 8% used [0x00000006c1400000,0x00000006c1e23928,0x00000006c9080000)
 Metaspace       used 31668K, capacity 33456K, committed 33584K, reserved 1079296K
  class space    used 4308K, capacity 4634K, committed 4656K, reserved 1048576K

Card table byte_map: [0x0000000011ba0000,0x00000000123a0000] byte_map_base: 0x000000000e596000

Marking Bits: (ParMarkBitMap*) 0x0000000057d62d00
 Begin Bits: [0x0000000012cf0000, 0x0000000016ca0000)
 End Bits:   [0x0000000016ca0000, 0x000000001ac50000)

Polling page: 0x0000000000e20000

CodeCache: size=245760Kb used=12256Kb max_used=12937Kb free=233503Kb
 bounds [0x00000000027e0000, 0x0000000003490000, 0x00000000117e0000]
 total_blobs=4542 nmethods=3723 adapters=731
 compilation: enabled

Compilation events (10 events):
Event: 71.597 Thread 0x000000001be51000 4062       3       sun.print.Win32PrintService::addToUniqueList (43 bytes)
Event: 71.598 Thread 0x000000001be51000 nmethod 4062 0x000000000295b210 code [0x000000000295b420, 0x000000000295c068]
Event: 72.456 Thread 0x000000001be51000 4063       1       javax.print.attribute.EnumSyntax::getValue (5 bytes)
Event: 72.457 Thread 0x000000001be51000 nmethod 4063 0x0000000002f782d0 code [0x0000000002f78420, 0x0000000002f78530]
Event: 73.007 Thread 0x000000001be51000 4064       3       javax.print.attribute.standard.Media::equals (42 bytes)
Event: 73.008 Thread 0x000000001be51000 nmethod 4064 0x00000000028eed10 code [0x00000000028eee80, 0x00000000028ef530]
Event: 73.171 Thread 0x000000001be51000 4065       3       io.netty.util.concurrent.AbstractScheduledEventExecutor::hasScheduledTasks (44 bytes)
Event: 73.172 Thread 0x000000001be51000 nmethod 4065 0x0000000002affc90 code [0x0000000002affe20, 0x0000000002b003e8]
Event: 76.488 Thread 0x000000001be51000 4066       1       javax.print.attribute.standard.MediaSize::getMediaSizeName (5 bytes)
Event: 76.489 Thread 0x000000001be51000 nmethod 4066 0x0000000002f9ad90 code [0x0000000002f9aee0, 0x0000000002f9aff0]

GC Heap History (4 events):
Event: 3.738 GC heap before
{Heap before GC invocations=1 (full 0):
 PSYoungGen      total 76288K, used 58783K [0x000000076b180000, 0x0000000770680000, 0x00000007c0000000)
  eden space 65536K, 89% used [0x000000076b180000,0x000000076eae7c88,0x000000076f180000)
  from space 10752K, 0% used [0x000000076fc00000,0x000000076fc00000,0x0000000770680000)
  to   space 10752K, 0% used [0x000000076f180000,0x000000076f180000,0x000000076fc00000)
 ParOldGen       total 175104K, used 0K [0x00000006c1400000, 0x00000006cbf00000, 0x000000076b180000)
  object space 175104K, 0% used [0x00000006c1400000,0x00000006c1400000,0x00000006cbf00000)
 Metaspace       used 20486K, capacity 21246K, committed 21296K, reserved 1067008K
  class space    used 2871K, capacity 3075K, committed 3120K, reserved 1048576K
Event: 3.750 GC heap after
Heap after GC invocations=1 (full 0):
 PSYoungGen      total 76288K, used 10746K [0x000000076b180000, 0x0000000770680000, 0x00000007c0000000)
  eden space 65536K, 0% used [0x000000076b180000,0x000000076b180000,0x000000076f180000)
  from space 10752K, 99% used [0x000000076f180000,0x000000076fbfe9e0,0x000000076fc00000)
  to   space 10752K, 0% used [0x000000076fc00000,0x000000076fc00000,0x0000000770680000)
 ParOldGen       total 175104K, used 1873K [0x00000006c1400000, 0x00000006cbf00000, 0x000000076b180000)
  object space 175104K, 1% used [0x00000006c1400000,0x00000006c15d47d0,0x00000006cbf00000)
 Metaspace       used 20486K, capacity 21246K, committed 21296K, reserved 1067008K
  class space    used 2871K, capacity 3075K, committed 3120K, reserved 1048576K
}
Event: 3.750 GC heap before
{Heap before GC invocations=2 (full 1):
 PSYoungGen      total 76288K, used 10746K [0x000000076b180000, 0x0000000770680000, 0x00000007c0000000)
  eden space 65536K, 0% used [0x000000076b180000,0x000000076b180000,0x000000076f180000)
  from space 10752K, 99% used [0x000000076f180000,0x000000076fbfe9e0,0x000000076fc00000)
  to   space 10752K, 0% used [0x000000076fc00000,0x000000076fc00000,0x0000000770680000)
 ParOldGen       total 175104K, used 1873K [0x00000006c1400000, 0x00000006cbf00000, 0x000000076b180000)
  object space 175104K, 1% used [0x00000006c1400000,0x00000006c15d47d0,0x00000006cbf00000)
 Metaspace       used 20486K, capacity 21246K, committed 21296K, reserved 1067008K
  class space    used 2871K, capacity 3075K, committed 3120K, reserved 1048576K
Event: 3.789 GC heap after
Heap after GC invocations=2 (full 1):
 PSYoungGen      total 76288K, used 0K [0x000000076b180000, 0x0000000770680000, 0x00000007c0000000)
  eden space 65536K, 0% used [0x000000076b180000,0x000000076b180000,0x000000076f180000)
  from space 10752K, 0% used [0x000000076f180000,0x000000076f180000,0x000000076fc00000)
  to   space 10752K, 0% used [0x000000076fc00000,0x000000076fc00000,0x0000000770680000)
 ParOldGen       total 127488K, used 10382K [0x00000006c1400000, 0x00000006c9080000, 0x000000076b180000)
  object space 127488K, 8% used [0x00000006c1400000,0x00000006c1e23928,0x00000006c9080000)
 Metaspace       used 20483K, capacity 21240K, committed 21296K, reserved 1067008K
  class space    used 2871K, capacity 3074K, committed 3120K, reserved 1048576K
}

Deoptimization events (10 events):
Event: 16.722 Thread 0x000000001db87000 Uncommon trap: reason=class_check action=maybe_recompile pc=0x0000000002fcb74c method=javafx.scene.Node.updateLocalToParentTransform()V @ 209
Event: 17.932 Thread 0x000000001db87000 Uncommon trap: reason=unstable_if action=reinterpret pc=0x00000000030114ec method=java.lang.StrictMath.floorOrCeil(DDDD)D @ 24
Event: 20.030 Thread 0x000000001db87000 Uncommon trap: reason=class_check action=maybe_recompile pc=0x0000000002fcb760 method=javafx.scene.Node.updateLocalToParentTransform()V @ 248
Event: 34.265 Thread 0x000000001db87000 Uncommon trap: reason=unstable_if action=reinterpret pc=0x000000000327ea00 method=javafx.scene.Node.updateBounds()V @ 70
Event: 35.570 Thread 0x000000001db87000 Uncommon trap: reason=unstable_if action=reinterpret pc=0x000000000329c524 method=javafx.scene.Node.impl_intersectsBounds(Lcom/sun/javafx/geom/PickRay;)D @ 902
Event: 68.728 Thread 0x000000001db87000 Uncommon trap: reason=bimorphic action=maybe_recompile pc=0x0000000003466010 method=com.sun.javafx.scene.EnteredExitedHandler.dispatchCapturingEvent(Ljavafx/event/Event;)Ljavafx/event/Event; @ 12
Event: 68.728 Thread 0x000000001db87000 Uncommon trap: reason=bimorphic action=maybe_recompile pc=0x000000000343f00c method=com.sun.javafx.event.EventHandlerManager.dispatchBubblingEvent(Ljavafx/event/Event;)Ljavafx/event/Event; @ 1
Event: 68.736 Thread 0x000000001db87000 Uncommon trap: reason=unstable_if action=reinterpret pc=0x0000000002c11bd8 method=java.util.concurrent.ConcurrentHashMap.putVal(Ljava/lang/Object;Ljava/lang/Object;Z)Ljava/lang/Object; @ 206
Event: 79.112 Thread 0x000000001db87000 Uncommon trap: reason=bimorphic action=maybe_recompile pc=0x000000000343f00c method=com.sun.javafx.event.EventHandlerManager.dispatchBubblingEvent(Ljavafx/event/Event;)Ljavafx/event/Event; @ 1
Event: 79.117 Thread 0x000000001db87000 Uncommon trap: reason=bimorphic action=maybe_recompile pc=0x000000000343f00c method=com.sun.javafx.event.EventHandlerManager.dispatchBubblingEvent(Ljavafx/event/Event;)Ljavafx/event/Event; @ 1

Classes redefined (0 events):
No events

Internal exceptions (10 events):
Event: 2.159 Thread 0x000000001db87000 Implicit null exception at 0x0000000002b9965b to 0x0000000002b99e05
Event: 5.057 Thread 0x000000001db87000 Exception <a 'java/lang/ArrayIndexOutOfBoundsException'> (0x000000076bc2d4f8) thrown at [C:\re\workspace\8-2-build-windows-amd64-cygwin\jdk8u181\11358\hotspot\src\share\vm\runtime\sharedRuntime.cpp, line 605]
Event: 5.112 Thread 0x000000001db87000 Exception <a 'java/lang/ArrayIndexOutOfBoundsException'> (0x000000076bea9bb0) thrown at [C:\re\workspace\8-2-build-windows-amd64-cygwin\jdk8u181\11358\hotspot\src\share\vm\runtime\sharedRuntime.cpp, line 605]
Event: 5.112 Thread 0x000000001db87000 Exception <a 'java/lang/ArrayIndexOutOfBoundsException'> (0x000000076beaad98) thrown at [C:\re\workspace\8-2-build-windows-amd64-cygwin\jdk8u181\11358\hotspot\src\share\vm\runtime\sharedRuntime.cpp, line 605]
Event: 5.112 Thread 0x000000001db87000 Exception <a 'java/lang/ArrayIndexOutOfBoundsException'> (0x000000076beac9d8) thrown at [C:\re\workspace\8-2-build-windows-amd64-cygwin\jdk8u181\11358\hotspot\src\share\vm\runtime\sharedRuntime.cpp, line 605]
Event: 5.136 Thread 0x000000001db87000 Exception <a 'java/lang/ArrayIndexOutOfBoundsException'> (0x000000076bf89b80) thrown at [C:\re\workspace\8-2-build-windows-amd64-cygwin\jdk8u181\11358\hotspot\src\share\vm\runtime\sharedRuntime.cpp, line 605]
Event: 5.144 Thread 0x000000001db87000 Implicit null exception at 0x0000000002d6c171 to 0x0000000002d6c6dd
Event: 5.149 Thread 0x000000001db87000 Exception <a 'java/io/FileNotFoundException'> (0x000000076bfd72f0) thrown at [C:\re\workspace\8-2-build-windows-amd64-cygwin\jdk8u181\11358\hotspot\src\share\vm\prims\jni.cpp, line 709]
Event: 68.754 Thread 0x000000001db87000 Exception <a 'java/io/FileNotFoundException'> (0x000000076d675358) thrown at [C:\re\workspace\8-2-build-windows-amd64-cygwin\jdk8u181\11358\hotspot\src\share\vm\prims\jni.cpp, line 709]
Event: 68.813 Thread 0x000000001db87000 Exception <a 'java/io/FileNotFoundException'> (0x000000076dbc3f00) thrown at [C:\re\workspace\8-2-build-windows-amd64-cygwin\jdk8u181\11358\hotspot\src\share\vm\prims\jni.cpp, line 709]

Events (10 events):
Event: 78.898 loading class sun/print/CustomMediaSizeName
Event: 78.899 loading class sun/print/CustomMediaSizeName done
Event: 78.899 loading class javax/print/attribute/standard/PrintQuality
Event: 78.899 loading class javax/print/attribute/standard/PrintQuality done
Event: 79.111 Thread 0x000000001db87000 Uncommon trap: trap_request=0xffffffc6 fr.pc=0x000000000343f00c
Event: 79.112 Thread 0x000000001db87000 DEOPT PACKING pc=0x000000000343f00c sp=0x000000001e417f40
Event: 79.112 Thread 0x000000001db87000 DEOPT UNPACKING pc=0x000000000282583b sp=0x000000001e417f30 mode 2
Event: 79.117 Thread 0x000000001db87000 Uncommon trap: trap_request=0xffffffc6 fr.pc=0x000000000343f00c
Event: 79.117 Thread 0x000000001db87000 DEOPT PACKING pc=0x000000000343f00c sp=0x000000001e417f40
Event: 79.117 Thread 0x000000001db87000 DEOPT UNPACKING pc=0x000000000282583b sp=0x000000001e417f30 mode 2


Dynamic libraries:
0x00007ff6f13c0000 - 0x00007ff6f13f7000 	C:\Program Files\Java\jdk1.8.0_181\bin\java.exe
0x00007fff25d90000 - 0x00007fff25f71000 	C:\WINDOWS\SYSTEM32\ntdll.dll
0x00007fff257f0000 - 0x00007fff258a2000 	C:\WINDOWS\System32\KERNEL32.DLL
0x00007fff228f0000 - 0x00007fff22b63000 	C:\WINDOWS\System32\KERNELBASE.dll
0x00007fff24f00000 - 0x00007fff24fa1000 	C:\WINDOWS\System32\ADVAPI32.dll
0x00007fff254d0000 - 0x00007fff2556e000 	C:\WINDOWS\System32\msvcrt.dll
0x00007fff24d70000 - 0x00007fff24dcb000 	C:\WINDOWS\System32\sechost.dll
0x00007fff24dd0000 - 0x00007fff24ef4000 	C:\WINDOWS\System32\RPCRT4.dll
0x00007fff25310000 - 0x00007fff254a0000 	C:\WINDOWS\System32\USER32.dll
0x00007fff23200000 - 0x00007fff23220000 	C:\WINDOWS\System32\win32u.dll
0x00007fff254a0000 - 0x00007fff254c8000 	C:\WINDOWS\System32\GDI32.dll
0x00007fff23000000 - 0x00007fff23192000 	C:\WINDOWS\System32\gdi32full.dll
0x00007fff22b70000 - 0x00007fff22c0f000 	C:\WINDOWS\System32\msvcp_win.dll
0x00007fff22c10000 - 0x00007fff22d0a000 	C:\WINDOWS\System32\ucrtbase.dll
0x00007fff19ce0000 - 0x00007fff19f49000 	C:\WINDOWS\WinSxS\amd64_microsoft.windows.common-controls_6595b64144ccf1df_6.0.17134.472_none_fb3f9af53068156d\COMCTL32.dll
0x00007fff23220000 - 0x00007fff23542000 	C:\WINDOWS\System32\combase.dll
0x00007fff22160000 - 0x00007fff221da000 	C:\WINDOWS\System32\bcryptPrimitives.dll
0x00007fff251f0000 - 0x00007fff2521d000 	C:\WINDOWS\System32\IMM32.DLL
0x0000000057460000 - 0x0000000057532000 	C:\Program Files\Java\jdk1.8.0_181\jre\bin\msvcr100.dll
0x0000000057540000 - 0x0000000057de2000 	C:\Program Files\Java\jdk1.8.0_181\jre\bin\server\jvm.dll
0x00007fff25650000 - 0x00007fff25658000 	C:\WINDOWS\System32\PSAPI.DLL
0x00007fff14ff0000 - 0x00007fff14ff9000 	C:\WINDOWS\SYSTEM32\WSOCK32.dll
0x00007fff1a860000 - 0x00007fff1a883000 	C:\WINDOWS\SYSTEM32\WINMM.dll
0x00007fff1aa50000 - 0x00007fff1aa5a000 	C:\WINDOWS\SYSTEM32\VERSION.dll
0x00007fff255d0000 - 0x00007fff2563c000 	C:\WINDOWS\System32\WS2_32.dll
0x00007fff1a830000 - 0x00007fff1a85a000 	C:\WINDOWS\SYSTEM32\WINMMBASE.dll
0x00007fff22fb0000 - 0x00007fff22ff9000 	C:\WINDOWS\System32\cfgmgr32.dll
0x0000000057410000 - 0x000000005741f000 	C:\Program Files\Java\jdk1.8.0_181\jre\bin\verify.dll
0x00000000573e0000 - 0x0000000057409000 	C:\Program Files\Java\jdk1.8.0_181\jre\bin\java.dll
0x00000000573c0000 - 0x00000000573d6000 	C:\Program Files\Java\jdk1.8.0_181\jre\bin\zip.dll
0x00007fff23930000 - 0x00007fff24d70000 	C:\WINDOWS\System32\SHELL32.dll
0x00007fff25660000 - 0x00007fff25709000 	C:\WINDOWS\System32\shcore.dll
0x00007fff221e0000 - 0x00007fff228ed000 	C:\WINDOWS\System32\windows.storage.dll
0x00007fff258b0000 - 0x00007fff25901000 	C:\WINDOWS\System32\shlwapi.dll
0x00007fff22120000 - 0x00007fff22131000 	C:\WINDOWS\System32\kernel.appcore.dll
0x00007fff22140000 - 0x00007fff2215f000 	C:\WINDOWS\System32\profapi.dll
0x00007fff220a0000 - 0x00007fff220ec000 	C:\WINDOWS\System32\powrprof.dll
0x00007fff220f0000 - 0x00007fff220fa000 	C:\WINDOWS\System32\FLTLIB.DLL
0x00000000026b0000 - 0x00000000026b3000 	C:\Program Files\Java\jdk1.8.0_181\jre\bin\api-ms-win-core-console-l1-1-0.dll
0x00000000026c0000 - 0x00000000026c3000 	C:\Program Files\Java\jdk1.8.0_181\jre\bin\api-ms-win-core-datetime-l1-1-0.dll
0x000000001ddb0000 - 0x000000001ddb3000 	C:\Program Files\Java\jdk1.8.0_181\jre\bin\api-ms-win-core-debug-l1-1-0.dll
0x000000001ddc0000 - 0x000000001ddc3000 	C:\Program Files\Java\jdk1.8.0_181\jre\bin\api-ms-win-core-errorhandling-l1-1-0.dll
0x000000001ddd0000 - 0x000000001ddd4000 	C:\Program Files\Java\jdk1.8.0_181\jre\bin\api-ms-win-core-file-l1-1-0.dll
0x000000001dde0000 - 0x000000001dde3000 	C:\Program Files\Java\jdk1.8.0_181\jre\bin\api-ms-win-core-file-l1-2-0.dll
0x000000001ddf0000 - 0x000000001ddf3000 	C:\Program Files\Java\jdk1.8.0_181\jre\bin\api-ms-win-core-file-l2-1-0.dll
0x000000001de00000 - 0x000000001de03000 	C:\Program Files\Java\jdk1.8.0_181\jre\bin\api-ms-win-core-handle-l1-1-0.dll
0x000000001de10000 - 0x000000001de13000 	C:\Program Files\Java\jdk1.8.0_181\jre\bin\api-ms-win-core-heap-l1-1-0.dll
0x000000001de20000 - 0x000000001de23000 	C:\Program Files\Java\jdk1.8.0_181\jre\bin\api-ms-win-core-interlocked-l1-1-0.dll
0x000000001de30000 - 0x000000001de33000 	C:\Program Files\Java\jdk1.8.0_181\jre\bin\api-ms-win-core-libraryloader-l1-1-0.dll
0x000000001de40000 - 0x000000001de43000 	C:\Program Files\Java\jdk1.8.0_181\jre\bin\api-ms-win-core-localization-l1-2-0.dll
0x000000001de50000 - 0x000000001de53000 	C:\Program Files\Java\jdk1.8.0_181\jre\bin\api-ms-win-core-memory-l1-1-0.dll
0x000000001de60000 - 0x000000001de63000 	C:\Program Files\Java\jdk1.8.0_181\jre\bin\api-ms-win-core-namedpipe-l1-1-0.dll
0x000000001de70000 - 0x000000001de73000 	C:\Program Files\Java\jdk1.8.0_181\jre\bin\api-ms-win-core-processenvironment-l1-1-0.dll
0x000000001de80000 - 0x000000001de83000 	C:\Program Files\Java\jdk1.8.0_181\jre\bin\api-ms-win-core-processthreads-l1-1-0.dll
0x000000001de90000 - 0x000000001de93000 	C:\Program Files\Java\jdk1.8.0_181\jre\bin\api-ms-win-core-processthreads-l1-1-1.dll
0x000000001dea0000 - 0x000000001dea3000 	C:\Program Files\Java\jdk1.8.0_181\jre\bin\api-ms-win-core-profile-l1-1-0.dll
0x000000001deb0000 - 0x000000001deb3000 	C:\Program Files\Java\jdk1.8.0_181\jre\bin\api-ms-win-core-rtlsupport-l1-1-0.dll
0x000000001dec0000 - 0x000000001dec3000 	C:\Program Files\Java\jdk1.8.0_181\jre\bin\api-ms-win-core-string-l1-1-0.dll
0x000000001ded0000 - 0x000000001ded3000 	C:\Program Files\Java\jdk1.8.0_181\jre\bin\api-ms-win-core-synch-l1-1-0.dll
0x000000001dee0000 - 0x000000001dee3000 	C:\Program Files\Java\jdk1.8.0_181\jre\bin\api-ms-win-core-synch-l1-2-0.dll
0x000000001def0000 - 0x000000001def3000 	C:\Program Files\Java\jdk1.8.0_181\jre\bin\api-ms-win-core-sysinfo-l1-1-0.dll
0x000000001df00000 - 0x000000001df03000 	C:\Program Files\Java\jdk1.8.0_181\jre\bin\api-ms-win-core-timezone-l1-1-0.dll
0x000000001df10000 - 0x000000001df13000 	C:\Program Files\Java\jdk1.8.0_181\jre\bin\api-ms-win-core-util-l1-1-0.dll
0x000000001df20000 - 0x000000001df23000 	C:\Program Files\Java\jdk1.8.0_181\jre\bin\api-ms-win-crt-conio-l1-1-0.dll
0x000000001df30000 - 0x000000001df34000 	C:\Program Files\Java\jdk1.8.0_181\jre\bin\api-ms-win-crt-convert-l1-1-0.dll
0x000000001df40000 - 0x000000001df43000 	C:\Program Files\Java\jdk1.8.0_181\jre\bin\api-ms-win-crt-environment-l1-1-0.dll
0x000000001df50000 - 0x000000001df53000 	C:\Program Files\Java\jdk1.8.0_181\jre\bin\api-ms-win-crt-filesystem-l1-1-0.dll
0x000000001df60000 - 0x000000001df63000 	C:\Program Files\Java\jdk1.8.0_181\jre\bin\api-ms-win-crt-heap-l1-1-0.dll
0x000000001df70000 - 0x000000001df73000 	C:\Program Files\Java\jdk1.8.0_181\jre\bin\api-ms-win-crt-locale-l1-1-0.dll
0x000000001df80000 - 0x000000001df85000 	C:\Program Files\Java\jdk1.8.0_181\jre\bin\api-ms-win-crt-math-l1-1-0.dll
0x000000001df90000 - 0x000000001df95000 	C:\Program Files\Java\jdk1.8.0_181\jre\bin\api-ms-win-crt-multibyte-l1-1-0.dll
0x000000001dfa0000 - 0x000000001dfb0000 	C:\Program Files\Java\jdk1.8.0_181\jre\bin\api-ms-win-crt-private-l1-1-0.dll
0x000000001dfb0000 - 0x000000001dfb3000 	C:\Program Files\Java\jdk1.8.0_181\jre\bin\api-ms-win-crt-process-l1-1-0.dll
0x000000001dfc0000 - 0x000000001dfc4000 	C:\Program Files\Java\jdk1.8.0_181\jre\bin\api-ms-win-crt-runtime-l1-1-0.dll
0x000000001dfd0000 - 0x000000001dfd4000 	C:\Program Files\Java\jdk1.8.0_181\jre\bin\api-ms-win-crt-stdio-l1-1-0.dll
0x000000001dfe0000 - 0x000000001dfe4000 	C:\Program Files\Java\jdk1.8.0_181\jre\bin\api-ms-win-crt-string-l1-1-0.dll
0x000000001dff0000 - 0x000000001dff3000 	C:\Program Files\Java\jdk1.8.0_181\jre\bin\api-ms-win-crt-time-l1-1-0.dll
0x000000001e000000 - 0x000000001e003000 	C:\Program Files\Java\jdk1.8.0_181\jre\bin\api-ms-win-crt-utility-l1-1-0.dll
0x00007ffefa220000 - 0x00007ffefa316000 	C:\Program Files\Java\jdk1.8.0_181\jre\bin\ucrtbase.dll
0x00007fff15e30000 - 0x00007fff15e46000 	C:\Program Files\Java\jdk1.8.0_181\jre\bin\vcruntime140.dll
0x00007ffef5ab0000 - 0x00007ffef5b4c000 	C:\Program Files\Java\jdk1.8.0_181\jre\bin\msvcp140.dll
0x00007ffefdec0000 - 0x00007ffefdf11000 	C:\Program Files\Java\jdk1.8.0_181\jre\bin\concrt140.dll
0x0000000058120000 - 0x0000000058143000 	C:\Program Files\Java\jdk1.8.0_181\jre\bin\prism_d3d.dll
0x00007fff01160000 - 0x00007fff012f7000 	C:\WINDOWS\system32\d3d9.dll
0x00007fff204a0000 - 0x00007fff204c9000 	C:\WINDOWS\SYSTEM32\dwmapi.dll
0x00007fff203c0000 - 0x00007fff20458000 	C:\WINDOWS\system32\uxtheme.dll
0x00007ffed27f0000 - 0x00007ffed4d2d000 	C:\WINDOWS\SYSTEM32\igdumdim64.dll
0x00007fff25720000 - 0x00007fff257e2000 	C:\WINDOWS\System32\OLEAUT32.dll
0x00007fff236d0000 - 0x00007fff23821000 	C:\WINDOWS\System32\ole32.dll
0x00007fff25910000 - 0x00007fff25d5b000 	C:\WINDOWS\System32\SETUPAPI.dll
0x00000000580d0000 - 0x0000000058119000 	C:\Program Files\Java\jdk1.8.0_181\jre\bin\glass.dll
0x00007fff25220000 - 0x00007fff2530d000 	C:\WINDOWS\System32\COMDLG32.dll
0x00007fff23550000 - 0x00007fff236c3000 	C:\WINDOWS\System32\MSCTF.dll
0x00007fff136d0000 - 0x00007fff14110000 	C:\WINDOWS\SYSTEM32\igdusc64.dll
0x00000000573a0000 - 0x00000000573ba000 	C:\Program Files\Java\jdk1.8.0_181\jre\bin\net.dll
0x00007fff218c0000 - 0x00007fff21926000 	C:\WINDOWS\system32\mswsock.dll
0x0000000057380000 - 0x0000000057391000 	C:\Program Files\Java\jdk1.8.0_181\jre\bin\nio.dll
0x00007fff21a70000 - 0x00007fff21a87000 	C:\WINDOWS\SYSTEM32\CRYPTSP.dll
0x00007fff214a0000 - 0x00007fff214d3000 	C:\WINDOWS\system32\rsaenh.dll
0x00007fff21ba0000 - 0x00007fff21bc5000 	C:\WINDOWS\SYSTEM32\bcrypt.dll
0x00007fff21fd0000 - 0x00007fff21ff8000 	C:\WINDOWS\SYSTEM32\USERENV.dll
0x00007fff21a90000 - 0x00007fff21a9b000 	C:\WINDOWS\SYSTEM32\CRYPTBASE.dll
0x00007fff21640000 - 0x00007fff21678000 	C:\WINDOWS\SYSTEM32\IPHLPAPI.DLL
0x00007fff25710000 - 0x00007fff25718000 	C:\WINDOWS\System32\NSI.dll
0x00007fff1ca80000 - 0x00007fff1ca96000 	C:\WINDOWS\SYSTEM32\dhcpcsvc6.DLL
0x00007fff1caa0000 - 0x00007fff1caba000 	C:\WINDOWS\SYSTEM32\dhcpcsvc.DLL
0x00000000580b0000 - 0x00000000580c4000 	C:\Program Files\Java\jdk1.8.0_181\jre\bin\javafx_font.dll
0x0000000070400000 - 0x00000000704f7000 	C:\Users\Ernesto Cantu\AppData\Local\Temp\sqlite-3.23.1-84741feb-2fc9-46da-b58c-00066dccfd45-sqlitejdbc.dll
0x00007fff0e150000 - 0x00007fff0e46c000 	C:\WINDOWS\SYSTEM32\dwrite.dll
0x00007fff23890000 - 0x00007fff23930000 	C:\WINDOWS\System32\clbcatq.dll
0x00007fff20090000 - 0x00007fff2023e000 	C:\WINDOWS\SYSTEM32\WindowsCodecs.dll
0x00007fff0c250000 - 0x00007fff0c2a8000 	C:\WINDOWS\system32\dataexchange.dll
0x00007fff1e760000 - 0x00007fff1ea6b000 	C:\WINDOWS\system32\d3d11.dll
0x00007fff1e4d0000 - 0x00007fff1e66c000 	C:\WINDOWS\system32\dcomp.dll
0x00007fff20d80000 - 0x00007fff20e3b000 	C:\WINDOWS\system32\dxgi.dll
0x00007fff20530000 - 0x00007fff206e8000 	C:\WINDOWS\system32\twinapi.appcore.dll
0x00007fff204d0000 - 0x00007fff204f1000 	C:\WINDOWS\system32\RMCLIENT.dll
0x00007fff0c370000 - 0x00007fff0c3a4000 	C:\Program Files\Common Files\Microsoft Shared\Ink\rtscom.dll
0x00007fff19200000 - 0x00007fff19296000 	C:\WINDOWS\System32\TextInputFramework.dll
0x00007fff1ef50000 - 0x00007fff1f02a000 	C:\WINDOWS\System32\CoreMessaging.dll
0x00007fff15850000 - 0x00007fff15b6e000 	C:\WINDOWS\System32\CoreUIComponents.dll
0x00007fff21240000 - 0x00007fff21271000 	C:\WINDOWS\SYSTEM32\ntmarta.dll
0x00007fff1edb0000 - 0x00007fff1eefd000 	C:\WINDOWS\SYSTEM32\wintypes.dll
0x0000000058090000 - 0x00000000580a2000 	C:\Program Files\Java\jdk1.8.0_181\jre\bin\prism_common.dll
0x00000000571e0000 - 0x0000000057379000 	C:\Program Files\Java\jdk1.8.0_181\jre\bin\awt.dll
0x00007fff1f980000 - 0x00007fff1fa0b000 	C:\WINDOWS\SYSTEM32\apphelp.dll
0x0000000057190000 - 0x00000000571d7000 	C:\Program Files\Java\jdk1.8.0_181\jre\bin\fontmanager.dll
0x00007fff19ff0000 - 0x00007fff1a075000 	C:\WINDOWS\SYSTEM32\WINSPOOL.DRV

VM Arguments:
java_command: com.conciencia.main.MainApp
java_class_path (initial): C:\Users\Ernesto Cantu\Desktop\Mangiamo\target\classes;C:\Users\Ernesto Cantu\.m2\repository\io\vertx\vertx-unit\3.5.3\vertx-unit-3.5.3.jar;C:\Users\Ernesto Cantu\.m2\repository\io\vertx\vertx-core\3.5.3\vertx-core-3.5.3.jar;C:\Users\Ernesto Cantu\.m2\repository\io\netty\netty-common\4.1.19.Final\netty-common-4.1.19.Final.jar;C:\Users\Ernesto Cantu\.m2\repository\io\netty\netty-buffer\4.1.19.Final\netty-buffer-4.1.19.Final.jar;C:\Users\Ernesto Cantu\.m2\repository\io\netty\netty-transport\4.1.19.Final\netty-transport-4.1.19.Final.jar;C:\Users\Ernesto Cantu\.m2\repository\io\netty\netty-handler\4.1.19.Final\netty-handler-4.1.19.Final.jar;C:\Users\Ernesto Cantu\.m2\repository\io\netty\netty-codec\4.1.19.Final\netty-codec-4.1.19.Final.jar;C:\Users\Ernesto Cantu\.m2\repository\io\netty\netty-handler-proxy\4.1.19.Final\netty-handler-proxy-4.1.19.Final.jar;C:\Users\Ernesto Cantu\.m2\repository\io\netty\netty-codec-socks\4.1.19.Final\netty-codec-socks-4.1.19.Final.jar;C:\Users\Ernesto Cantu\.m2\repository\io\netty\netty-codec-http\4.1.19.Final\netty-codec-http-4.1.19.Final.jar;C:\Users\Ernesto Cantu\.m2\repository\io\netty\netty-codec-http2\4.1.19.Final\netty-codec-http2-4.1.19.Final.jar;C:\Users\Ernesto Cantu\.m2\repository\io\netty\netty-resolver\4.1.19.Final\netty-resolver-4.1.19.Final.jar;C:\Users\Ernesto Cantu\.m2\repository\io\netty\netty-resolver-dns\4.1.19.Final\netty-resolver-dns-4.1.19.Final.jar;C:\Users\Ernesto Cantu\.m2\repository\io\netty\netty-codec-dns\4.1.19.Final\netty-codec-dns-4.1.19.Final.jar;C:\Users\Ernesto Cantu\.m2\repository\com\fasterxml\jackson\core\jackson-core\2.9.5\jackson-core-2.9.5.jar;C:\Users\Ernesto Cantu\.m2\repository\com\fasterxml\jackson\core\jackson-databind\2.9.5\jackson-databind-2.9.5.jar;C:\Users\Ernesto Cantu\.m2\repository\com\fasterxml\jackson\core\jackson-annotations\2.9.0\jackson-annotations-2.9.0.jar;C:\Users\Ernesto Cantu\.m2\repository\com\jfoenix\jfoenix\1.11.1\jfoenix-1.11.1.jar;C:\Users\Erne
Launcher Type: SUN_STANDARD

Environment Variables:
JAVA_HOME=C:\Program Files\Java\jdk1.8.0_181
PATH=C:\Program Files (x86)\Common Files\Oracle\Java\javapath;C:\WINDOWS\system32;C:\WINDOWS;C:\WINDOWS\System32\Wbem;C:\WINDOWS\System32\WindowsPowerShell\v1.0\;C:\Program Files\Java\jdk1.8.0_181\bin;C:\Program Files\Git\cmd;C:\Users\Ernesto Cantu\opt\apache-maven-3.5.3\bin;C:\Python27\;C:\Users\Ernesto Cantu\opt\sqlite;C:\Program Files\MySQL\MySQL Server 8.0\bin;C:\Users\Ernesto Cantu\opt\Gradle\gradle\bin;C:\WINDOWS\System32\OpenSSH\;C:\Users\Ernesto Cantu\Desktop\Conciencia\projects\vertx\bin;C:\opt\android\platforms;C:\Users\Ernesto Cantu\AppData\Local\Microsoft\WindowsApps;
USERNAME=Ernesto Cantu
OS=Windows_NT
PROCESSOR_IDENTIFIER=Intel64 Family 6 Model 61 Stepping 4, GenuineIntel



---------------  S Y S T E M  ---------------

OS: Windows 10.0 , 64 bit Build 17134 (10.0.17134.1)

CPU:total 4 (initial active 4) (2 cores per cpu, 2 threads per core) family 6 model 61 stepping 4, cmov, cx8, fxsr, mmx, sse, sse2, sse3, ssse3, sse4.1, sse4.2, popcnt, avx, avx2, aes, clmul, erms, 3dnowpref, lzcnt, ht, tsc, tscinvbit, bmi1, bmi2, adx

Memory: 4k page, physical 16690572k(11192544k free), swap 19180940k(12462068k free)

vm_info: Java HotSpot(TM) 64-Bit Server VM (25.181-b13) for windows-amd64 JRE (1.8.0_181-b13), built on Jul  7 2018 04:01:33 by "java_re" with MS VC++ 10.0 (VS2010)

time: Sat Dec 29 00:17:57 2018
elapsed time: 79 seconds (0d 0h 1m 19s)

